2021-05-13 16:53:04,191: INFO: 22 发生请求>>>> 接口地址= POSThttps://api.tttt.one/rest-v2/login/access_token
2021-05-13 16:53:04,191: DEBUG: 23 发生请求>>>> 请求头= {'User-Agent': 'python-requests/2.25.1', 'Accept-Encoding': 'gzip, deflate', 'Accept': '*/*', 'Connection': 'keep-alive', 'Content-Length': '59', 'Content-Type': 'application/json'}
2021-05-13 16:53:04,191: DEBUG: 24 发生请求>>>> 请求正文= b'{"email": "senling@163.com", "password": "senling@163.com"}'
2021-05-13 16:53:04,192: DEBUG: 971 Starting new HTTPS connection (1): api.tttt.one:443
2021-05-13 16:53:05,807: DEBUG: 452 https://api.tttt.one:443 "POST /rest-v2/login/access_token HTTP/1.1" 200 None
2021-05-13 16:53:05,807: INFO: 28 接收响应>>>> 状态码= 200
2021-05-13 16:53:05,807: DEBUG: 29 接收响应>>>> 响应头= {'Date': 'Thu, 13 May 2021 08:53:07 GMT', 'Content-Type': 'application/json', 'Transfer-Encoding': 'chunked', 'Connection': 'keep-alive', 'CF-Cache-Status': 'DYNAMIC', 'cf-request-id': '0a06870b44000036604a81f000000001', 'Expect-CT': 'max-age=604800, report-uri="https://report-uri.cloudflare.com/cdn-cgi/beacon/expect-ct"', 'Report-To': '{"endpoints":[{"url":"https:\\/\\/a.nel.cloudflare.com\\/report?s=%2FW5p%2BmrmBNT5DJYu7YgC55sE3KUP9L4SZZq0FWy08lUsxSbzJU%2FD%2BYk7FEPQDbP5HDfQJVRhgDlhAJWbjJF44aEhMjX5yIQaosUr8i4%3D"}],"group":"cf-nel","max_age":604800}', 'NEL': '{"report_to":"cf-nel","max_age":604800}', 'Server': 'cloudflare', 'CF-RAY': '64eaa78b9df33660-LAX', 'Content-Encoding': 'gzip', 'alt-svc': 'h3-27=":443"; ma=86400, h3-28=":443"; ma=86400, h3-29=":443"; ma=86400'}
2021-05-13 16:53:05,808: DEBUG: 30 接收响应>>>> 响应正文= {"access_token":"eyJhbGciOiJIUzI1NiIsInR5cCI6IkpXVCJ9.eyJleHAiOjE2MjE1ODcxODcsInN1YiI6IjQ3NyJ9.-kkHxBy4uR7cjb9-4iLMK63tcoRQ3dSTQAqZXZXwWXY","token_type":"bearer"}
2021-05-13 16:54:43,208: INFO: 22 发生请求>>>> 接口地址= POSThttps://api.tttt.one/rest-v2/login/access_token
2021-05-13 16:54:43,208: DEBUG: 23 发生请求>>>> 请求头= {'User-Agent': 'python-requests/2.25.1', 'Accept-Encoding': 'gzip, deflate', 'Accept': '*/*', 'Connection': 'keep-alive', 'Content-Length': '59', 'Content-Type': 'application/json'}
2021-05-13 16:54:43,208: DEBUG: 24 发生请求>>>> 请求正文= b'{"email": "senling@163.com", "password": "senling@163.com"}'
2021-05-13 16:54:43,209: DEBUG: 971 Starting new HTTPS connection (1): api.tttt.one:443
2021-05-13 16:54:52,026: DEBUG: 452 https://api.tttt.one:443 "POST /rest-v2/login/access_token HTTP/1.1" 200 None
2021-05-13 16:54:52,027: INFO: 28 接收响应>>>> 状态码= 200
2021-05-13 16:54:52,027: DEBUG: 29 接收响应>>>> 响应头= {'Date': 'Thu, 13 May 2021 08:54:53 GMT', 'Content-Type': 'application/json', 'Transfer-Encoding': 'chunked', 'Connection': 'keep-alive', 'CF-Cache-Status': 'DYNAMIC', 'cf-request-id': '0a0688aa8e00000cc38d07e000000001', 'Expect-CT': 'max-age=604800, report-uri="https://report-uri.cloudflare.com/cdn-cgi/beacon/expect-ct"', 'Report-To': '{"endpoints":[{"url":"https:\\/\\/a.nel.cloudflare.com\\/report?s=EjmoNi%2FiHrpRx3Qu%2Bj%2FLxbk3SuW9LbxkmlrRiqcoR5nhVU3lyG%2BeJs9yEIDbfiIV8kSI8nCF%2Fs8CyA6zyfmZkr53st1UwM61FvLm87w%3D"}],"group":"cf-nel","max_age":604800}', 'NEL': '{"report_to":"cf-nel","max_age":604800}', 'Server': 'cloudflare', 'CF-RAY': '64eaaa241d190cc3-LAX', 'Content-Encoding': 'gzip', 'alt-svc': 'h3-27=":443"; ma=86400, h3-28=":443"; ma=86400, h3-29=":443"; ma=86400'}
2021-05-13 16:54:52,027: DEBUG: 30 接收响应>>>> 响应正文= {"access_token":"eyJhbGciOiJIUzI1NiIsInR5cCI6IkpXVCJ9.eyJleHAiOjE2MjE1ODcyOTMsInN1YiI6IjQ3NyJ9.uoWTmrfYGNtpR4iA4x9n6EkQxmL7Ec6zZAT-V0JEetc","token_type":"bearer"}
2021-05-13 16:54:52,029: INFO: 22 发生请求>>>> 接口地址= GEThttps://api.tttt.one/rest-v2/todo?page=10&zise=50
2021-05-13 16:54:52,029: DEBUG: 23 发生请求>>>> 请求头= {'User-Agent': 'python-requests/2.25.1', 'Accept-Encoding': 'gzip, deflate', 'Accept': '*/*', 'Connection': 'keep-alive', 'Authorization': 'Bearer eyJhbGciOiJIUzI1NiIsInR5cCI6IkpXVCJ9.eyJleHAiOjE2MjE1ODcyOTMsInN1YiI6IjQ3NyJ9.uoWTmrfYGNtpR4iA4x9n6EkQxmL7Ec6zZAT-V0JEetc'}
2021-05-13 16:54:52,029: DEBUG: 24 发生请求>>>> 请求正文= None
2021-05-13 16:54:52,498: DEBUG: 452 https://api.tttt.one:443 "GET /rest-v2/todo?page=10&zise=50 HTTP/1.1" 200 42
2021-05-13 16:54:52,499: INFO: 28 接收响应>>>> 状态码= 200
2021-05-13 16:54:52,499: DEBUG: 29 接收响应>>>> 响应头= {'Date': 'Thu, 13 May 2021 08:54:54 GMT', 'Content-Type': 'application/json', 'Content-Length': '42', 'Connection': 'keep-alive', 'CF-Cache-Status': 'DYNAMIC', 'cf-request-id': '0a0688ae3000000cc390a83000000001', 'Expect-CT': 'max-age=604800, report-uri="https://report-uri.cloudflare.com/cdn-cgi/beacon/expect-ct"', 'Report-To': '{"endpoints":[{"url":"https:\\/\\/a.nel.cloudflare.com\\/report?s=FzXBLOCmGU5xjTm7s5YuXO7AV1G3O1BItjw1lwrpEkS%2Fh1GbjE4XdM6rzCDWrjWOSJDR0qXzKz1CiYP6PaFzySkKZ%2B97%2FfbyvAFI%2Bfc%3D"}],"group":"cf-nel","max_age":604800}', 'NEL': '{"report_to":"cf-nel","max_age":604800}', 'Server': 'cloudflare', 'CF-RAY': '64eaaa29e8440cc3-LAX', 'alt-svc': 'h3-27=":443"; ma=86400, h3-28=":443"; ma=86400, h3-29=":443"; ma=86400'}
2021-05-13 16:54:52,499: DEBUG: 30 接收响应>>>> 响应正文= {"items":[],"total":0,"page":10,"size":50}
2021-05-13 17:23:08,088: INFO: 22 发生请求>>>> 接口地址= POSThttps://api.tttt.one/rest-v2/login/access_token
2021-05-13 17:23:08,089: DEBUG: 23 发生请求>>>> 请求头= {'User-Agent': 'python-requests/2.25.1', 'Accept-Encoding': 'gzip, deflate', 'Accept': '*/*', 'Connection': 'keep-alive', 'Content-Length': '59', 'Content-Type': 'application/json'}
2021-05-13 17:23:08,089: DEBUG: 24 发生请求>>>> 请求正文= b'{"email": "senling@163.com", "password": "senling@163.com"}'
2021-05-13 17:23:08,089: DEBUG: 971 Starting new HTTPS connection (1): api.tttt.one:443
2021-05-13 17:23:09,721: DEBUG: 452 https://api.tttt.one:443 "POST /rest-v2/login/access_token HTTP/1.1" 200 None
2021-05-13 17:23:09,722: INFO: 28 接收响应>>>> 状态码= 200
2021-05-13 17:23:09,722: DEBUG: 29 接收响应>>>> 响应头= {'Date': 'Thu, 13 May 2021 09:23:11 GMT', 'Content-Type': 'application/json', 'Transfer-Encoding': 'chunked', 'Connection': 'keep-alive', 'CF-Cache-Status': 'DYNAMIC', 'cf-request-id': '0a06a291f600000575fc165000000001', 'Expect-CT': 'max-age=604800, report-uri="https://report-uri.cloudflare.com/cdn-cgi/beacon/expect-ct"', 'Report-To': '{"endpoints":[{"url":"https:\\/\\/a.nel.cloudflare.com\\/report?s=Jdi2zZNn%2FXUpUK9L%2BecwRhKexT8i6AuwTqbnu6nFgCvveZH5Byc%2F5aBBWTTtQLziFQcVcpqXJekxYiPirsd6GdwnuD4cnmjGDceilyI%3D"}],"group":"cf-nel","max_age":604800}', 'NEL': '{"report_to":"cf-nel","max_age":604800}', 'Server': 'cloudflare', 'CF-RAY': '64ead3965ffd0575-LAX', 'Content-Encoding': 'gzip', 'alt-svc': 'h3-27=":443"; ma=86400, h3-28=":443"; ma=86400, h3-29=":443"; ma=86400'}
2021-05-13 17:23:09,722: DEBUG: 30 接收响应>>>> 响应正文= {"access_token":"eyJhbGciOiJIUzI1NiIsInR5cCI6IkpXVCJ9.eyJleHAiOjE2MjE1ODg5OTEsInN1YiI6IjQ3NyJ9.NyebjA_5aT15jWt9ynJnP3WFTQOhkje3H0UgBuBGie4","token_type":"bearer"}
2021-05-13 17:23:09,723: INFO: 22 发生请求>>>> 接口地址= GEThttps://api.tttt.one/rest-v2/todo?page=10&zise=50
2021-05-13 17:23:09,724: DEBUG: 23 发生请求>>>> 请求头= {'User-Agent': 'python-requests/2.25.1', 'Accept-Encoding': 'gzip, deflate', 'Accept': '*/*', 'Connection': 'keep-alive', 'Authorization': 'Bearer eyJhbGciOiJIUzI1NiIsInR5cCI6IkpXVCJ9.eyJleHAiOjE2MjE1ODg5OTEsInN1YiI6IjQ3NyJ9.NyebjA_5aT15jWt9ynJnP3WFTQOhkje3H0UgBuBGie4'}
2021-05-13 17:23:09,724: DEBUG: 24 发生请求>>>> 请求正文= None
2021-05-13 17:23:10,030: DEBUG: 452 https://api.tttt.one:443 "GET /rest-v2/todo?page=10&zise=50 HTTP/1.1" 200 42
2021-05-13 17:23:10,031: INFO: 28 接收响应>>>> 状态码= 200
2021-05-13 17:23:10,031: DEBUG: 29 接收响应>>>> 响应头= {'Date': 'Thu, 13 May 2021 09:23:11 GMT', 'Content-Type': 'application/json', 'Content-Length': '42', 'Connection': 'keep-alive', 'CF-Cache-Status': 'DYNAMIC', 'cf-request-id': '0a06a295e0000005753c257000000001', 'Expect-CT': 'max-age=604800, report-uri="https://report-uri.cloudflare.com/cdn-cgi/beacon/expect-ct"', 'Report-To': '{"endpoints":[{"url":"https:\\/\\/a.nel.cloudflare.com\\/report?s=p1iyCmOhMyKBjiklqtlZRmwoSLrgTRIfuELN%2F2VMNYtnzv6OBot4WOBZAsf88vcOQYl5cB%2BH3nT0NZQ1C977avfKuMfif%2FNOFCghTN0%3D"}],"group":"cf-nel","max_age":604800}', 'NEL': '{"report_to":"cf-nel","max_age":604800}', 'Server': 'cloudflare', 'CF-RAY': '64ead39c9bdb0575-LAX', 'alt-svc': 'h3-27=":443"; ma=86400, h3-28=":443"; ma=86400, h3-29=":443"; ma=86400'}
2021-05-13 17:23:10,032: DEBUG: 30 接收响应>>>> 响应正文= {"items":[],"total":0,"page":10,"size":50}
2021-05-13 19:43:50,020: INFO: 22 发生请求>>>> 接口地址= POSThttps://api.tttt.one/rest-v2/login/access_token
2021-05-13 19:43:50,024: DEBUG: 23 发生请求>>>> 请求头= {'User-Agent': 'python-requests/2.25.0', 'Accept-Encoding': 'gzip, deflate', 'Accept': '*/*', 'Connection': 'keep-alive', 'Content-Length': '59', 'Content-Type': 'application/json'}
2021-05-13 19:43:50,024: DEBUG: 24 发生请求>>>> 请求正文= b'{"email": "senling@163.com", "password": "senling@163.com"}'
2021-05-13 19:43:50,025: DEBUG: 971 Starting new HTTPS connection (1): api.tttt.one:443
2021-05-13 19:43:51,942: DEBUG: 452 https://api.tttt.one:443 "POST /rest-v2/login/access_token HTTP/1.1" 200 None
2021-05-13 19:43:51,946: INFO: 28 接收响应>>>> 状态码= 200
2021-05-13 19:43:51,947: DEBUG: 29 接收响应>>>> 响应头= {'Date': 'Thu, 13 May 2021 11:43:50 GMT', 'Content-Type': 'application/json', 'Transfer-Encoding': 'chunked', 'Connection': 'keep-alive', 'CF-Cache-Status': 'DYNAMIC', 'cf-request-id': '0a072358950000eae33c8dc000000001', 'Expect-CT': 'max-age=604800, report-uri="https://report-uri.cloudflare.com/cdn-cgi/beacon/expect-ct"', 'Report-To': '{"endpoints":[{"url":"https:\\/\\/a.nel.cloudflare.com\\/report?s=TZuqUOowwDwIpEV7lWfzEv6bIbO3%2Fr05kF%2BfCQqrmOzq4uLNx4moLqnH2VgMHu%2BwsKjFtNXCKIel4YB2%2BxXbEyzT3dn%2BTp3sKRClfMU%3D"}],"group":"cf-nel","max_age":604800}', 'NEL': '{"report_to":"cf-nel","max_age":604800}', 'Server': 'cloudflare', 'CF-RAY': '64eba1a0ebd9eae3-LAX', 'Content-Encoding': 'gzip', 'alt-svc': 'h3-27=":443"; ma=86400, h3-28=":443"; ma=86400, h3-29=":443"; ma=86400'}
2021-05-13 19:43:51,947: DEBUG: 30 接收响应>>>> 响应正文= {"access_token":"eyJhbGciOiJIUzI1NiIsInR5cCI6IkpXVCJ9.eyJleHAiOjE2MjE1OTc0MzAsInN1YiI6IjQ3NyJ9.iVP7IA8TWBIn0HiMnox2-0CZd4k_tKeVLqDCBb2OLF0","token_type":"bearer"}
2021-05-13 19:43:51,952: INFO: 22 发生请求>>>> 接口地址= GEThttps://api.tttt.one/rest-v2/todo?page=10&zise=50
2021-05-13 19:43:51,953: DEBUG: 23 发生请求>>>> 请求头= {'User-Agent': 'python-requests/2.25.0', 'Accept-Encoding': 'gzip, deflate', 'Accept': '*/*', 'Connection': 'keep-alive', 'Authorization': 'Bearer eyJhbGciOiJIUzI1NiIsInR5cCI6IkpXVCJ9.eyJleHAiOjE2MjE1OTc0MzAsInN1YiI6IjQ3NyJ9.iVP7IA8TWBIn0HiMnox2-0CZd4k_tKeVLqDCBb2OLF0'}
2021-05-13 19:43:51,953: DEBUG: 24 发生请求>>>> 请求正文= None
2021-05-13 19:43:52,457: DEBUG: 452 https://api.tttt.one:443 "GET /rest-v2/todo?page=10&zise=50 HTTP/1.1" 200 42
2021-05-13 19:43:52,458: INFO: 28 接收响应>>>> 状态码= 200
2021-05-13 19:43:52,458: DEBUG: 29 接收响应>>>> 响应头= {'Date': 'Thu, 13 May 2021 11:43:51 GMT', 'Content-Type': 'application/json', 'Content-Length': '42', 'Connection': 'keep-alive', 'CF-Cache-Status': 'DYNAMIC', 'cf-request-id': '0a07235c0a0000eae3478af000000001', 'Expect-CT': 'max-age=604800, report-uri="https://report-uri.cloudflare.com/cdn-cgi/beacon/expect-ct"', 'Report-To': '{"endpoints":[{"url":"https:\\/\\/a.nel.cloudflare.com\\/report?s=4QYFHHX%2BfQxDKalwD%2Blrinhf%2FCIyaaHir6kxQHxo63A52ssGWefqxn1k0%2FVoukfRg4PYHe%2FAXJBW0uNXFtWZKEEjjpyXTKpfzZV5rcM%3D"}],"group":"cf-nel","max_age":604800}', 'NEL': '{"report_to":"cf-nel","max_age":604800}', 'Server': 'cloudflare', 'CF-RAY': '64eba1a67cf9eae3-LAX', 'alt-svc': 'h3-27=":443"; ma=86400, h3-28=":443"; ma=86400, h3-29=":443"; ma=86400'}
2021-05-13 19:43:52,459: DEBUG: 30 接收响应>>>> 响应正文= {"items":[],"total":0,"page":10,"size":50}
2021-05-13 20:43:54,539: INFO: 22 发生请求>>>> 接口地址= POSThttps://api.tttt.one/rest-v2/login/access_token
2021-05-13 20:43:54,543: DEBUG: 23 发生请求>>>> 请求头= {'User-Agent': 'python-requests/2.25.0', 'Accept-Encoding': 'gzip, deflate', 'Accept': '*/*', 'Connection': 'keep-alive', 'Content-Length': '59', 'Content-Type': 'application/json'}
2021-05-13 20:43:54,543: DEBUG: 24 发生请求>>>> 请求正文= b'{"email": "senling@163.com", "password": "senling@163.com"}'
2021-05-13 20:43:54,544: DEBUG: 971 Starting new HTTPS connection (1): api.tttt.one:443
2021-05-13 20:43:56,216: DEBUG: 452 https://api.tttt.one:443 "POST /rest-v2/login/access_token HTTP/1.1" 200 None
2021-05-13 20:43:56,222: INFO: 28 接收响应>>>> 状态码= 200
2021-05-13 20:43:56,223: DEBUG: 29 接收响应>>>> 响应头= {'Date': 'Thu, 13 May 2021 12:43:54 GMT', 'Content-Type': 'application/json', 'Transfer-Encoding': 'chunked', 'Connection': 'keep-alive', 'CF-Cache-Status': 'DYNAMIC', 'cf-request-id': '0a075a57710000eab7d63f4000000001', 'Expect-CT': 'max-age=604800, report-uri="https://report-uri.cloudflare.com/cdn-cgi/beacon/expect-ct"', 'Report-To': '{"endpoints":[{"url":"https:\\/\\/a.nel.cloudflare.com\\/report?s=u31O0Nzhvah8oxCMIT6PfgKOGfnF80ZR9GdS2oe2g50Dg4uu6tpDqyslroz0bRXQM%2BYY5poTrbBuCv%2BoASp%2FWhsdelYproTKT1XUbuk%3D"}],"group":"cf-nel","max_age":604800}', 'NEL': '{"report_to":"cf-nel","max_age":604800}', 'Server': 'cloudflare', 'CF-RAY': '64ebf99f1d0deab7-LAX', 'Content-Encoding': 'gzip', 'alt-svc': 'h3-27=":443"; ma=86400, h3-28=":443"; ma=86400, h3-29=":443"; ma=86400'}
2021-05-13 20:43:56,223: DEBUG: 30 接收响应>>>> 响应正文= {"access_token":"eyJhbGciOiJIUzI1NiIsInR5cCI6IkpXVCJ9.eyJleHAiOjE2MjE2MDEwMzQsInN1YiI6IjQ3NyJ9.d6fe_1qvYISzrrcGrs4GNm4c0G1zyaytiuVAAdCML70","token_type":"bearer"}
2021-05-13 20:47:08,118: INFO: 22 发生请求>>>> 接口地址= POSThttps://api.tttt.one/rest-v2/login/access_token
2021-05-13 20:47:08,121: DEBUG: 23 发生请求>>>> 请求头= {'User-Agent': 'python-requests/2.25.0', 'Accept-Encoding': 'gzip, deflate', 'Accept': '*/*', 'Connection': 'keep-alive', 'Content-Length': '59', 'Content-Type': 'application/json'}
2021-05-13 20:47:08,121: DEBUG: 24 发生请求>>>> 请求正文= b'{"email": "senling@163.com", "password": "senling@163.com"}'
2021-05-13 20:47:08,122: DEBUG: 971 Starting new HTTPS connection (1): api.tttt.one:443
2021-05-13 20:47:10,318: DEBUG: 452 https://api.tttt.one:443 "POST /rest-v2/login/access_token HTTP/1.1" 200 None
2021-05-13 20:47:10,326: INFO: 28 接收响应>>>> 状态码= 200
2021-05-13 20:47:10,326: DEBUG: 29 接收响应>>>> 响应头= {'Date': 'Thu, 13 May 2021 12:47:08 GMT', 'Content-Type': 'application/json', 'Transfer-Encoding': 'chunked', 'Connection': 'keep-alive', 'CF-Cache-Status': 'DYNAMIC', 'cf-request-id': '0a075d4d1a00000d2cf8332000000001', 'Expect-CT': 'max-age=604800, report-uri="https://report-uri.cloudflare.com/cdn-cgi/beacon/expect-ct"', 'Report-To': '{"endpoints":[{"url":"https:\\/\\/a.nel.cloudflare.com\\/report?s=dK3HEv1zJKrjb%2FT2SUCYW3p2oXxkzUl2X0W1C2oI4sAVLhyn7FiALpeNgibiCr1reHCDkDsjA2T2PTrJDcsJrq%2BPAG1cWtbSHYw8VgI%3D"}],"group":"cf-nel","max_age":604800}', 'NEL': '{"report_to":"cf-nel","max_age":604800}', 'Server': 'cloudflare', 'CF-RAY': '64ebfe5b5ab50d2c-LAX', 'Content-Encoding': 'gzip', 'alt-svc': 'h3-27=":443"; ma=86400, h3-28=":443"; ma=86400, h3-29=":443"; ma=86400'}
2021-05-13 20:47:10,327: DEBUG: 30 接收响应>>>> 响应正文= {"access_token":"eyJhbGciOiJIUzI1NiIsInR5cCI6IkpXVCJ9.eyJleHAiOjE2MjE2MDEyMjgsInN1YiI6IjQ3NyJ9.ARBuMvktmG3-4Fgpf5yw-_z08XPXbPBdMsfHY5fP0o0","token_type":"bearer"}
2021-05-13 20:47:10,335: INFO: 22 发生请求>>>> 接口地址= GEThttps://api.tttt.one/rest-v2/todo?page=10&zise=50
2021-05-13 20:47:10,336: DEBUG: 23 发生请求>>>> 请求头= {'User-Agent': 'python-requests/2.25.0', 'Accept-Encoding': 'gzip, deflate', 'Accept': '*/*', 'Connection': 'keep-alive', 'Authorization': 'Bearer eyJhbGciOiJIUzI1NiIsInR5cCI6IkpXVCJ9.eyJleHAiOjE2MjE2MDEyMjgsInN1YiI6IjQ3NyJ9.ARBuMvktmG3-4Fgpf5yw-_z08XPXbPBdMsfHY5fP0o0'}
2021-05-13 20:47:10,337: DEBUG: 24 发生请求>>>> 请求正文= None
2021-05-13 20:47:10,819: DEBUG: 452 https://api.tttt.one:443 "GET /rest-v2/todo?page=10&zise=50 HTTP/1.1" 200 42
2021-05-13 20:47:10,820: INFO: 28 接收响应>>>> 状态码= 200
2021-05-13 20:47:10,820: DEBUG: 29 接收响应>>>> 响应头= {'Date': 'Thu, 13 May 2021 12:47:09 GMT', 'Content-Type': 'application/json', 'Content-Length': '42', 'Connection': 'keep-alive', 'CF-Cache-Status': 'DYNAMIC', 'cf-request-id': '0a075d512500000d2c6d184000000001', 'Expect-CT': 'max-age=604800, report-uri="https://report-uri.cloudflare.com/cdn-cgi/beacon/expect-ct"', 'Report-To': '{"endpoints":[{"url":"https:\\/\\/a.nel.cloudflare.com\\/report?s=zFd7mB4e%2Fw7AVfb%2BbcgHFZv5e0%2FiilLFmpaItTkKZzvormmQTWba99hx7PkRxznvJEBXA56LDjTaU83%2BJkemopT9Amvq3GRviYar%2Fr4%3D"}],"group":"cf-nel","max_age":604800}', 'NEL': '{"report_to":"cf-nel","max_age":604800}', 'Server': 'cloudflare', 'CF-RAY': '64ebfe61dacd0d2c-LAX', 'alt-svc': 'h3-27=":443"; ma=86400, h3-28=":443"; ma=86400, h3-29=":443"; ma=86400'}
2021-05-13 20:47:10,821: DEBUG: 30 接收响应>>>> 响应正文= {"items":[],"total":0,"page":10,"size":50}
2021-05-13 20:48:06,190: INFO: 22 发生请求>>>> 接口地址= POSThttps://api.tttt.one/rest-v2/login/access_token
2021-05-13 20:48:06,191: DEBUG: 23 发生请求>>>> 请求头= {'User-Agent': 'python-requests/2.25.0', 'Accept-Encoding': 'gzip, deflate', 'Accept': '*/*', 'Connection': 'keep-alive', 'Content-Length': '59', 'Content-Type': 'application/json'}
2021-05-13 20:48:06,191: DEBUG: 24 发生请求>>>> 请求正文= b'{"email": "senling@163.com", "password": "senling@163.com"}'
2021-05-13 20:48:06,191: DEBUG: 971 Starting new HTTPS connection (1): api.tttt.one:443
2021-05-13 20:48:07,810: DEBUG: 452 https://api.tttt.one:443 "POST /rest-v2/login/access_token HTTP/1.1" 200 None
2021-05-13 20:48:07,812: INFO: 28 接收响应>>>> 状态码= 200
2021-05-13 20:48:07,813: DEBUG: 29 接收响应>>>> 响应头= {'Date': 'Thu, 13 May 2021 12:48:06 GMT', 'Content-Type': 'application/json', 'Transfer-Encoding': 'chunked', 'Connection': 'keep-alive', 'CF-Cache-Status': 'DYNAMIC', 'cf-request-id': '0a075e2e2100000cf384868000000001', 'Expect-CT': 'max-age=604800, report-uri="https://report-uri.cloudflare.com/cdn-cgi/beacon/expect-ct"', 'Report-To': '{"endpoints":[{"url":"https:\\/\\/a.nel.cloudflare.com\\/report?s=dizhlvMOeT2k4kaTR%2Bi4Tl9W7tfRvIGob1kH3UhZnyelZYKDUS10xKpD1h%2FvvzEkAeI6iYBDjUK1D7n%2FUUdIv903PZqtH3juMNGfbak%3D"}],"group":"cf-nel","max_age":604800}', 'NEL': '{"report_to":"cf-nel","max_age":604800}', 'Server': 'cloudflare', 'CF-RAY': '64ebffc36e040cf3-LAX', 'Content-Encoding': 'gzip', 'alt-svc': 'h3-27=":443"; ma=86400, h3-28=":443"; ma=86400, h3-29=":443"; ma=86400'}
2021-05-13 20:48:07,813: DEBUG: 30 接收响应>>>> 响应正文= {"access_token":"eyJhbGciOiJIUzI1NiIsInR5cCI6IkpXVCJ9.eyJleHAiOjE2MjE2MDEyODYsInN1YiI6IjQ3NyJ9.AqTl_mU0-K8nCF_be3A98GaYT9NHo3SaSfFm8jkE6qY","token_type":"bearer"}
2021-05-13 20:48:07,817: INFO: 22 发生请求>>>> 接口地址= GEThttps://api.tttt.one/rest-v2/todo?page=10&zise=50
2021-05-13 20:48:07,818: DEBUG: 23 发生请求>>>> 请求头= {'User-Agent': 'python-requests/2.25.0', 'Accept-Encoding': 'gzip, deflate', 'Accept': '*/*', 'Connection': 'keep-alive', 'Authorization': 'Bearer eyJhbGciOiJIUzI1NiIsInR5cCI6IkpXVCJ9.eyJleHAiOjE2MjE2MDEyODYsInN1YiI6IjQ3NyJ9.AqTl_mU0-K8nCF_be3A98GaYT9NHo3SaSfFm8jkE6qY'}
2021-05-13 20:48:07,818: DEBUG: 24 发生请求>>>> 请求正文= None
2021-05-13 20:48:08,377: DEBUG: 452 https://api.tttt.one:443 "GET /rest-v2/todo?page=10&zise=50 HTTP/1.1" 200 42
2021-05-13 20:48:08,378: INFO: 28 接收响应>>>> 状态码= 200
2021-05-13 20:48:08,379: DEBUG: 29 接收响应>>>> 响应头= {'Date': 'Thu, 13 May 2021 12:48:06 GMT', 'Content-Type': 'application/json', 'Content-Length': '42', 'Connection': 'keep-alive', 'CF-Cache-Status': 'DYNAMIC', 'cf-request-id': '0a075e31b300000cf371b9e000000001', 'Expect-CT': 'max-age=604800, report-uri="https://report-uri.cloudflare.com/cdn-cgi/beacon/expect-ct"', 'Report-To': '{"endpoints":[{"url":"https:\\/\\/a.nel.cloudflare.com\\/report?s=LoNaEuzD8z%2FMD3WiK5OEjx%2BPSMy0MS9OUXXudtgvf7nUf27p%2Fhx%2BlnvgKwPj%2Fpq707FTWkCVZjcKJ5QPgfiVCZipuzPtFHIQerC6UDs%3D"}],"group":"cf-nel","max_age":604800}', 'NEL': '{"report_to":"cf-nel","max_age":604800}', 'Server': 'cloudflare', 'CF-RAY': '64ebffc91d7f0cf3-LAX', 'alt-svc': 'h3-27=":443"; ma=86400, h3-28=":443"; ma=86400, h3-29=":443"; ma=86400'}
2021-05-13 20:48:08,379: DEBUG: 30 接收响应>>>> 响应正文= {"items":[],"total":1,"page":10,"size":50}
2021-05-13 20:49:25,924: INFO: 22 发生请求>>>> 接口地址= POSThttps://api.tttt.one/rest-v2/login/access_token
2021-05-13 20:49:25,924: DEBUG: 23 发生请求>>>> 请求头= {'User-Agent': 'python-requests/2.25.0', 'Accept-Encoding': 'gzip, deflate', 'Accept': '*/*', 'Connection': 'keep-alive', 'Content-Length': '59', 'Content-Type': 'application/json'}
2021-05-13 20:49:25,924: DEBUG: 24 发生请求>>>> 请求正文= b'{"email": "senling@163.com", "password": "senling@163.com"}'
2021-05-13 20:49:25,925: DEBUG: 971 Starting new HTTPS connection (1): api.tttt.one:443
2021-05-13 20:49:27,712: DEBUG: 452 https://api.tttt.one:443 "POST /rest-v2/login/access_token HTTP/1.1" 200 None
2021-05-13 20:49:27,714: INFO: 28 接收响应>>>> 状态码= 200
2021-05-13 20:49:27,714: DEBUG: 29 接收响应>>>> 响应头= {'Date': 'Thu, 13 May 2021 12:49:26 GMT', 'Content-Type': 'application/json', 'Transfer-Encoding': 'chunked', 'Connection': 'keep-alive', 'CF-Cache-Status': 'DYNAMIC', 'cf-request-id': '0a075f656000000ccb0cb8b000000001', 'Expect-CT': 'max-age=604800, report-uri="https://report-uri.cloudflare.com/cdn-cgi/beacon/expect-ct"', 'Report-To': '{"endpoints":[{"url":"https:\\/\\/a.nel.cloudflare.com\\/report?s=CDKee81rjKDLA64H%2BI5bY4WSL5rTg9njCy8wbpIbnM9zDgvTNmEtbmYMaQzrSy0we2%2FQMez1exl3HJts9tFr2dutJ7DMm7ZbgQDIzr0%3D"}],"group":"cf-nel","max_age":604800}', 'NEL': '{"report_to":"cf-nel","max_age":604800}', 'Server': 'cloudflare', 'CF-RAY': '64ec01b569240ccb-LAX', 'Content-Encoding': 'gzip', 'alt-svc': 'h3-27=":443"; ma=86400, h3-28=":443"; ma=86400, h3-29=":443"; ma=86400'}
2021-05-13 20:49:27,715: DEBUG: 30 接收响应>>>> 响应正文= {"access_token":"eyJhbGciOiJIUzI1NiIsInR5cCI6IkpXVCJ9.eyJleHAiOjE2MjE2MDEzNjUsInN1YiI6IjQ3NyJ9.ttAmLxZo1kWQJlCvZYXfnlDYyvimb4nOhTdAVyFeKY0","token_type":"bearer"}
2021-05-13 20:49:27,721: INFO: 22 发生请求>>>> 接口地址= GEThttps://api.tttt.one/rest-v2/todo?page=10&zise=50
2021-05-13 20:49:27,721: DEBUG: 23 发生请求>>>> 请求头= {'User-Agent': 'python-requests/2.25.0', 'Accept-Encoding': 'gzip, deflate', 'Accept': '*/*', 'Connection': 'keep-alive', 'Authorization': 'Bearer eyJhbGciOiJIUzI1NiIsInR5cCI6IkpXVCJ9.eyJleHAiOjE2MjE2MDEzNjUsInN1YiI6IjQ3NyJ9.ttAmLxZo1kWQJlCvZYXfnlDYyvimb4nOhTdAVyFeKY0'}
2021-05-13 20:49:27,722: DEBUG: 24 发生请求>>>> 请求正文= None
2021-05-13 20:49:28,219: DEBUG: 452 https://api.tttt.one:443 "GET /rest-v2/todo?page=10&zise=50 HTTP/1.1" 200 42
2021-05-13 20:49:28,220: INFO: 28 接收响应>>>> 状态码= 200
2021-05-13 20:49:28,220: DEBUG: 29 接收响应>>>> 响应头= {'Date': 'Thu, 13 May 2021 12:49:26 GMT', 'Content-Type': 'application/json', 'Content-Length': '42', 'Connection': 'keep-alive', 'CF-Cache-Status': 'DYNAMIC', 'cf-request-id': '0a075f69c600000ccb45aa3000000001', 'Expect-CT': 'max-age=604800, report-uri="https://report-uri.cloudflare.com/cdn-cgi/beacon/expect-ct"', 'Report-To': '{"endpoints":[{"url":"https:\\/\\/a.nel.cloudflare.com\\/report?s=UzmaYTJOjJM7%2Fcg0gFqcDk6G0BYqr%2Bld1lP6hsw%2F%2BHyfL4NLaT7AWRQ73R8YusppQIH4IAHdMiGS6lv%2B1%2B9kBvX2k%2Bfm5GIE00hkfrY%3D"}],"group":"cf-nel","max_age":604800}', 'NEL': '{"report_to":"cf-nel","max_age":604800}', 'Server': 'cloudflare', 'CF-RAY': '64ec01bc6b230ccb-LAX', 'alt-svc': 'h3-27=":443"; ma=86400, h3-28=":443"; ma=86400, h3-29=":443"; ma=86400'}
2021-05-13 20:49:28,221: DEBUG: 30 接收响应>>>> 响应正文= {"items":[],"total":1,"page":10,"size":50}
2021-05-13 20:51:49,515: INFO: 22 发生请求>>>> 接口地址= POSThttps://api.tttt.one/rest-v2/login/access_token
2021-05-13 20:51:49,521: DEBUG: 23 发生请求>>>> 请求头= {'User-Agent': 'python-requests/2.25.0', 'Accept-Encoding': 'gzip, deflate', 'Accept': '*/*', 'Connection': 'keep-alive', 'Content-Length': '59', 'Content-Type': 'application/json'}
2021-05-13 20:51:49,521: DEBUG: 24 发生请求>>>> 请求正文= b'{"email": "senling@163.com", "password": "senling@163.com"}'
2021-05-13 20:51:49,522: DEBUG: 971 Starting new HTTPS connection (1): api.tttt.one:443
2021-05-13 20:51:52,508: DEBUG: 452 https://api.tttt.one:443 "POST /rest-v2/login/access_token HTTP/1.1" 200 None
2021-05-13 20:51:53,481: INFO: 28 接收响应>>>> 状态码= 200
2021-05-13 20:51:53,482: DEBUG: 29 接收响应>>>> 响应头= {'Date': 'Thu, 13 May 2021 12:51:51 GMT', 'Content-Type': 'application/json', 'Transfer-Encoding': 'chunked', 'Connection': 'keep-alive', 'CF-Cache-Status': 'DYNAMIC', 'cf-request-id': '0a07619bc0000005a2aca42000000001', 'Expect-CT': 'max-age=604800, report-uri="https://report-uri.cloudflare.com/cdn-cgi/beacon/expect-ct"', 'Report-To': '{"endpoints":[{"url":"https:\\/\\/a.nel.cloudflare.com\\/report?s=jOIeorP39%2FNYpnh5sI8OtFSzNipVAMm2T0%2Bxd5gPvOb9MOxDutSLDy%2BUbO7hfqXzc8Bzmr0ZrwR5SdX41DxVWct7%2FjbsxgS2kDLOACU%3D"}],"group":"cf-nel","max_age":604800}', 'NEL': '{"report_to":"cf-nel","max_age":604800}', 'Server': 'cloudflare', 'CF-RAY': '64ec053f981805a2-LAX', 'Content-Encoding': 'gzip', 'alt-svc': 'h3-27=":443"; ma=86400, h3-28=":443"; ma=86400, h3-29=":443"; ma=86400'}
2021-05-13 20:51:53,482: DEBUG: 30 接收响应>>>> 响应正文= {"access_token":"eyJhbGciOiJIUzI1NiIsInR5cCI6IkpXVCJ9.eyJleHAiOjE2MjE2MDE1MTAsInN1YiI6IjQ3NyJ9.jCXDzfNRrsAZEFscCVWnbPgzi0nKY1cHsg063x2yy-4","token_type":"bearer"}
2021-05-13 20:51:53,488: INFO: 22 发生请求>>>> 接口地址= GEThttps://api.tttt.one/rest-v2/todo
2021-05-13 20:51:53,489: DEBUG: 23 发生请求>>>> 请求头= {'User-Agent': 'python-requests/2.25.0', 'Accept-Encoding': 'gzip, deflate', 'Accept': '*/*', 'Connection': 'keep-alive', 'Authorization': 'Bearer eyJhbGciOiJIUzI1NiIsInR5cCI6IkpXVCJ9.eyJleHAiOjE2MjE2MDE1MTAsInN1YiI6IjQ3NyJ9.jCXDzfNRrsAZEFscCVWnbPgzi0nKY1cHsg063x2yy-4'}
2021-05-13 20:51:53,489: DEBUG: 24 发生请求>>>> 请求正文= None
2021-05-13 20:51:53,832: DEBUG: 452 https://api.tttt.one:443 "GET /rest-v2/todo HTTP/1.1" 200 None
2021-05-13 20:51:53,834: INFO: 28 接收响应>>>> 状态码= 200
2021-05-13 20:51:53,835: DEBUG: 29 接收响应>>>> 响应头= {'Date': 'Thu, 13 May 2021 12:51:52 GMT', 'Content-Type': 'application/json', 'Transfer-Encoding': 'chunked', 'Connection': 'keep-alive', 'CF-Cache-Status': 'DYNAMIC', 'cf-request-id': '0a0761a33f000005a2de954000000001', 'Expect-CT': 'max-age=604800, report-uri="https://report-uri.cloudflare.com/cdn-cgi/beacon/expect-ct"', 'Report-To': '{"endpoints":[{"url":"https:\\/\\/a.nel.cloudflare.com\\/report?s=jJK0mEUAQ9OhzyR5nhRx7FFw1fOL0FSlqz9iC%2B%2FX2EF4GJnGIGzsEVB9wOUfVDYPn6UOiLHdtv2AkZW9%2FYfG1LWO8fQ%2FR%2FKNk%2BNcMDw%3D"}],"group":"cf-nel","max_age":604800}', 'NEL': '{"report_to":"cf-nel","max_age":604800}', 'Server': 'cloudflare', 'CF-RAY': '64ec054b9b4705a2-LAX', 'Content-Encoding': 'gzip', 'alt-svc': 'h3-27=":443"; ma=86400, h3-28=":443"; ma=86400, h3-29=":443"; ma=86400'}
2021-05-13 20:51:53,836: DEBUG: 30 接收响应>>>> 响应正文= {"items":[{"id":987,"title":"fwsfg","is_done":false,"create_datetime":"2021-05-13T12:47:57.429167+00:00","done_datetime":"2021-05-13T12:47:57.429212+00:00"}],"total":1,"page":0,"size":50}
2021-05-13 20:52:41,283: INFO: 22 发生请求>>>> 接口地址= POSThttps://api.tttt.one/rest-v2/login/access_token
2021-05-13 20:52:41,283: DEBUG: 23 发生请求>>>> 请求头= {'User-Agent': 'python-requests/2.25.0', 'Accept-Encoding': 'gzip, deflate', 'Accept': '*/*', 'Connection': 'keep-alive', 'Content-Length': '59', 'Content-Type': 'application/json'}
2021-05-13 20:52:41,283: DEBUG: 24 发生请求>>>> 请求正文= b'{"email": "senling@163.com", "password": "senling@163.com"}'
2021-05-13 20:52:41,284: DEBUG: 971 Starting new HTTPS connection (1): api.tttt.one:443
2021-05-13 20:52:43,284: DEBUG: 452 https://api.tttt.one:443 "POST /rest-v2/login/access_token HTTP/1.1" 200 None
2021-05-13 20:52:43,287: INFO: 28 接收响应>>>> 状态码= 200
2021-05-13 20:52:43,288: DEBUG: 29 接收响应>>>> 响应头= {'Date': 'Thu, 13 May 2021 12:52:41 GMT', 'Content-Type': 'application/json', 'Transfer-Encoding': 'chunked', 'Connection': 'keep-alive', 'CF-Cache-Status': 'DYNAMIC', 'cf-request-id': '0a076261dc0000eb2989abd000000001', 'Expect-CT': 'max-age=604800, report-uri="https://report-uri.cloudflare.com/cdn-cgi/beacon/expect-ct"', 'Report-To': '{"endpoints":[{"url":"https:\\/\\/a.nel.cloudflare.com\\/report?s=ZSU20GUf4SKCHhclDbp5qxmbUP7UrB2pyDU17zUILOGKX7vVinAJJML8hsfJhwVxfi259whSAlNz75G0a%2B1f2rBsSTBLzQfbBvPTEnw%3D"}],"group":"cf-nel","max_age":604800}', 'NEL': '{"report_to":"cf-nel","max_age":604800}', 'Server': 'cloudflare', 'CF-RAY': '64ec067c98f4eb29-LAX', 'Content-Encoding': 'gzip', 'alt-svc': 'h3-27=":443"; ma=86400, h3-28=":443"; ma=86400, h3-29=":443"; ma=86400'}
2021-05-13 20:52:43,288: DEBUG: 30 接收响应>>>> 响应正文= {"access_token":"eyJhbGciOiJIUzI1NiIsInR5cCI6IkpXVCJ9.eyJleHAiOjE2MjE2MDE1NjEsInN1YiI6IjQ3NyJ9.-iVwMXTtvD6jh2qda85IkL9qAnXS8u3njXWiP-lxEho","token_type":"bearer"}
2021-05-13 20:52:43,294: INFO: 22 发生请求>>>> 接口地址= GEThttps://api.tttt.one/rest-v2/todo?page=1&zise=50
2021-05-13 20:52:43,295: DEBUG: 23 发生请求>>>> 请求头= {'User-Agent': 'python-requests/2.25.0', 'Accept-Encoding': 'gzip, deflate', 'Accept': '*/*', 'Connection': 'keep-alive', 'Authorization': 'Bearer eyJhbGciOiJIUzI1NiIsInR5cCI6IkpXVCJ9.eyJleHAiOjE2MjE2MDE1NjEsInN1YiI6IjQ3NyJ9.-iVwMXTtvD6jh2qda85IkL9qAnXS8u3njXWiP-lxEho'}
2021-05-13 20:52:43,295: DEBUG: 24 发生请求>>>> 请求正文= None
2021-05-13 20:52:43,616: DEBUG: 452 https://api.tttt.one:443 "GET /rest-v2/todo?page=1&zise=50 HTTP/1.1" 200 41
2021-05-13 20:52:43,617: INFO: 28 接收响应>>>> 状态码= 200
2021-05-13 20:52:43,618: DEBUG: 29 接收响应>>>> 响应头= {'Date': 'Thu, 13 May 2021 12:52:42 GMT', 'Content-Type': 'application/json', 'Content-Length': '41', 'Connection': 'keep-alive', 'CF-Cache-Status': 'DYNAMIC', 'cf-request-id': '0a076265bc0000eb299ebe7000000001', 'Expect-CT': 'max-age=604800, report-uri="https://report-uri.cloudflare.com/cdn-cgi/beacon/expect-ct"', 'Report-To': '{"endpoints":[{"url":"https:\\/\\/a.nel.cloudflare.com\\/report?s=wod61L%2FzoPgwWkb4%2B0A79mVTPGjliSA8u8PVAZwY%2Bw0FvckQxacWJQo%2BTRhcMvcmd07s19i3b7Wjwt4wz0LszyAAYzMlPmySf0BFSBA%3D"}],"group":"cf-nel","max_age":604800}', 'NEL': '{"report_to":"cf-nel","max_age":604800}', 'Server': 'cloudflare', 'CF-RAY': '64ec0682cb51eb29-LAX', 'alt-svc': 'h3-27=":443"; ma=86400, h3-28=":443"; ma=86400, h3-29=":443"; ma=86400'}
2021-05-13 20:52:43,618: DEBUG: 30 接收响应>>>> 响应正文= {"items":[],"total":1,"page":1,"size":50}
2021-05-13 20:53:08,158: INFO: 22 发生请求>>>> 接口地址= POSThttps://api.tttt.one/rest-v2/login/access_token
2021-05-13 20:53:08,159: DEBUG: 23 发生请求>>>> 请求头= {'User-Agent': 'python-requests/2.25.0', 'Accept-Encoding': 'gzip, deflate', 'Accept': '*/*', 'Connection': 'keep-alive', 'Content-Length': '59', 'Content-Type': 'application/json'}
2021-05-13 20:53:08,159: DEBUG: 24 发生请求>>>> 请求正文= b'{"email": "senling@163.com", "password": "senling@163.com"}'
2021-05-13 20:53:08,160: DEBUG: 971 Starting new HTTPS connection (1): api.tttt.one:443
2021-05-13 20:53:10,108: DEBUG: 452 https://api.tttt.one:443 "POST /rest-v2/login/access_token HTTP/1.1" 200 None
2021-05-13 20:53:10,110: INFO: 28 接收响应>>>> 状态码= 200
2021-05-13 20:53:10,111: DEBUG: 29 接收响应>>>> 响应头= {'Date': 'Thu, 13 May 2021 12:53:08 GMT', 'Content-Type': 'application/json', 'Transfer-Encoding': 'chunked', 'Connection': 'keep-alive', 'CF-Cache-Status': 'DYNAMIC', 'cf-request-id': '0a0762c9d400000cf3ca164000000001', 'Expect-CT': 'max-age=604800, report-uri="https://report-uri.cloudflare.com/cdn-cgi/beacon/expect-ct"', 'Report-To': '{"endpoints":[{"url":"https:\\/\\/a.nel.cloudflare.com\\/report?s=lstXysZ4cPpFsc3omoWPxaMr%2FmhlQsMa8OOwcLuItrEpJuMStf0z88YTdMUcwKfZN6LON4GoDaWMR0yUwfQfIdeHarWMEiyA%2Fkw0UGw%3D"}],"group":"cf-nel","max_age":604800}', 'NEL': '{"report_to":"cf-nel","max_age":604800}', 'Server': 'cloudflare', 'CF-RAY': '64ec0722e8dc0cf3-LAX', 'Content-Encoding': 'gzip', 'alt-svc': 'h3-27=":443"; ma=86400, h3-28=":443"; ma=86400, h3-29=":443"; ma=86400'}
2021-05-13 20:53:10,112: DEBUG: 30 接收响应>>>> 响应正文= {"access_token":"eyJhbGciOiJIUzI1NiIsInR5cCI6IkpXVCJ9.eyJleHAiOjE2MjE2MDE1ODgsInN1YiI6IjQ3NyJ9.MikW6-zr9z1qOC0UFWqDwUfLo9Bnp_6SHKdFzZ1kcik","token_type":"bearer"}
2021-05-13 20:53:10,118: INFO: 22 发生请求>>>> 接口地址= GEThttps://api.tttt.one/rest-v2/todo?page=0&zise=50
2021-05-13 20:53:10,119: DEBUG: 23 发生请求>>>> 请求头= {'User-Agent': 'python-requests/2.25.0', 'Accept-Encoding': 'gzip, deflate', 'Accept': '*/*', 'Connection': 'keep-alive', 'Authorization': 'Bearer eyJhbGciOiJIUzI1NiIsInR5cCI6IkpXVCJ9.eyJleHAiOjE2MjE2MDE1ODgsInN1YiI6IjQ3NyJ9.MikW6-zr9z1qOC0UFWqDwUfLo9Bnp_6SHKdFzZ1kcik'}
2021-05-13 20:53:10,119: DEBUG: 24 发生请求>>>> 请求正文= None
2021-05-13 20:53:10,608: DEBUG: 452 https://api.tttt.one:443 "GET /rest-v2/todo?page=0&zise=50 HTTP/1.1" 200 None
2021-05-13 20:53:10,609: INFO: 28 接收响应>>>> 状态码= 200
2021-05-13 20:53:10,610: DEBUG: 29 接收响应>>>> 响应头= {'Date': 'Thu, 13 May 2021 12:53:09 GMT', 'Content-Type': 'application/json', 'Transfer-Encoding': 'chunked', 'Connection': 'keep-alive', 'CF-Cache-Status': 'DYNAMIC', 'cf-request-id': '0a0762ce8500000cf39a307000000001', 'Expect-CT': 'max-age=604800, report-uri="https://report-uri.cloudflare.com/cdn-cgi/beacon/expect-ct"', 'Report-To': '{"endpoints":[{"url":"https:\\/\\/a.nel.cloudflare.com\\/report?s=Rjid0oy3bwYEbhNNbcDGhv6jamjQ9iltRLZNoql1NZIrXff927phcGlTAQRgu7sd5ufQItInjbi34LfyfP%2FNDg45NBt1bxhx4FSyBLg%3D"}],"group":"cf-nel","max_age":604800}', 'NEL': '{"report_to":"cf-nel","max_age":604800}', 'Server': 'cloudflare', 'CF-RAY': '64ec072a6c010cf3-LAX', 'Content-Encoding': 'gzip', 'alt-svc': 'h3-27=":443"; ma=86400, h3-28=":443"; ma=86400, h3-29=":443"; ma=86400'}
2021-05-13 20:53:10,610: DEBUG: 30 接收响应>>>> 响应正文= {"items":[{"id":987,"title":"fwsfg","is_done":false,"create_datetime":"2021-05-13T12:47:57.429167+00:00","done_datetime":"2021-05-13T12:47:57.429212+00:00"}],"total":1,"page":0,"size":50}
